TN:
SF:src\app\app.component.ts
FNF:0
FNH:0
DA:8,1
DA:9,2
LF:2
LH:2
BRF:0
BRH:0
end_of_record
TN:
SF:src\app\components\dashboard\dashboard\dashboard.component.ts
FN:20,(anonymous_0)
FN:28,(anonymous_1)
FN:42,(anonymous_2)
FN:44,(anonymous_3)
FN:49,(anonymous_4)
FN:51,(anonymous_5)
FN:56,(anonymous_6)
FN:58,(anonymous_7)
FN:63,(anonymous_8)
FNF:9
FNH:9
FNDA:5,(anonymous_0)
FNDA:5,(anonymous_1)
FNDA:6,(anonymous_2)
FNDA:1,(anonymous_3)
FNDA:6,(anonymous_4)
FNDA:1,(anonymous_5)
FNDA:6,(anonymous_6)
FNDA:1,(anonymous_7)
FNDA:1,(anonymous_8)
DA:13,1
DA:18,5
DA:21,5
DA:22,5
DA:23,5
DA:24,5
DA:25,5
DA:30,5
DA:31,5
DA:33,5
DA:35,5
DA:37,5
DA:38,5
DA:39,5
DA:44,6
DA:45,1
DA:51,6
DA:52,1
DA:58,6
DA:59,1
DA:65,1
LF:21
LH:21
BRDA:33,0,0,5
BRDA:35,1,0,0
BRF:2
BRH:1
end_of_record
TN:
SF:src\app\components\dialog\ingredient\dialog-ingredient\dialog-ingredient.component.ts
FN:17,(anonymous_0)
FN:39,(anonymous_1)
FN:77,(anonymous_2)
FN:88,(anonymous_3)
FN:114,(anonymous_4)
FN:119,(anonymous_5)
FN:180,(anonymous_6)
FN:188,(anonymous_7)
FN:190,(anonymous_8)
FN:194,(anonymous_9)
FN:202,(anonymous_10)
FN:207,(anonymous_11)
FNF:12
FNH:8
FNDA:8,(anonymous_0)
FNDA:5,(anonymous_1)
FNDA:5,(anonymous_2)
FNDA:1,(anonymous_3)
FNDA:0,(anonymous_4)
FNDA:1,(anonymous_5)
FNDA:1,(anonymous_6)
FNDA:0,(anonymous_7)
FNDA:0,(anonymous_8)
FNDA:0,(anonymous_9)
FNDA:88,(anonymous_10)
FNDA:1,(anonymous_11)
DA:15,1
DA:18,8
DA:19,8
DA:20,8
DA:21,8
DA:22,8
DA:31,8
DA:41,5
DA:43,0
DA:60,5
DA:79,5
DA:81,5
DA:83,5
DA:86,5
DA:88,5
DA:89,1
DA:90,1
DA:92,1
DA:93,1
DA:95,1
DA:116,0
DA:121,1
DA:125,1
DA:127,1
DA:129,1
DA:131,1
DA:133,1
DA:138,1
DA:140,1
DA:141,1
DA:142,1
DA:143,1
DA:144,1
DA:146,0
DA:148,1
DA:150,1
DA:151,1
DA:152,1
DA:153,1
DA:154,1
DA:156,0
DA:158,1
DA:159,1
DA:160,1
DA:161,1
DA:162,1
DA:165,1
DA:179,1
DA:180,1
DA:182,1
DA:184,0
DA:185,0
DA:188,1
DA:189,0
DA:190,0
DA:191,0
DA:193,0
DA:194,0
DA:195,0
DA:196,0
DA:204,88
DA:209,1
DA:210,1
DA:211,1
DA:212,1
DA:213,1
LF:66
LH:53
BRDA:41,0,0,0
BRDA:41,0,1,5
BRDA:83,1,0,0
BRDA:83,1,1,5
BRDA:121,2,0,0
BRDA:127,3,0,0
BRDA:129,4,0,1
BRDA:133,5,0,0
BRDA:133,5,1,1
BRDA:138,6,0,1
BRDA:138,6,1,0
BRDA:148,7,0,1
BRDA:148,7,1,0
BRDA:158,8,0,1
BRDA:158,8,1,0
BRDA:159,9,0,1
BRDA:159,9,1,0
BRDA:160,10,0,1
BRDA:160,10,1,0
BRDA:161,11,0,1
BRDA:161,11,1,0
BRDA:162,12,0,1
BRDA:162,12,1,0
BRDA:182,13,0,0
BRF:24
BRH:11
end_of_record
TN:
SF:src\app\components\dialog\recipe\dialog-recipe\dialog-recipe.component.ts
FN:17,(anonymous_0)
FN:32,(anonymous_1)
FN:66,(anonymous_2)
FN:71,(anonymous_3)
FN:82,(anonymous_4)
FN:107,(anonymous_5)
FN:153,(anonymous_6)
FN:161,(anonymous_7)
FN:163,(anonymous_8)
FN:167,(anonymous_9)
FN:175,(anonymous_10)
FN:180,(anonymous_11)
FNF:12
FNH:8
FNDA:8,(anonymous_0)
FNDA:5,(anonymous_1)
FNDA:0,(anonymous_2)
FNDA:5,(anonymous_3)
FNDA:1,(anonymous_4)
FNDA:1,(anonymous_5)
FNDA:1,(anonymous_6)
FNDA:0,(anonymous_7)
FNDA:0,(anonymous_8)
FNDA:0,(anonymous_9)
FNDA:32,(anonymous_10)
FNDA:4,(anonymous_11)
DA:15,1
DA:18,8
DA:19,8
DA:20,8
DA:21,8
DA:22,8
DA:34,5
DA:36,0
DA:51,5
DA:68,0
DA:73,5
DA:75,5
DA:77,5
DA:80,5
DA:82,5
DA:83,1
DA:84,1
DA:86,1
DA:87,1
DA:88,1
DA:90,1
DA:109,1
DA:113,1
DA:115,1
DA:117,1
DA:119,1
DA:121,1
DA:126,1
DA:127,0
DA:129,1
DA:130,0
DA:132,1
DA:133,0
DA:135,1
DA:136,1
DA:137,1
DA:140,1
DA:152,1
DA:153,1
DA:155,1
DA:157,0
DA:158,0
DA:161,1
DA:162,0
DA:163,0
DA:164,0
DA:166,0
DA:167,0
DA:168,0
DA:169,0
DA:177,32
DA:182,4
DA:183,4
DA:184,4
DA:185,4
DA:186,4
LF:56
LH:42
BRDA:34,0,0,0
BRDA:34,0,1,5
BRDA:77,1,0,0
BRDA:77,1,1,5
BRDA:109,2,0,0
BRDA:115,3,0,0
BRDA:117,4,0,1
BRDA:121,5,0,0
BRDA:121,5,1,1
BRDA:126,6,0,1
BRDA:126,6,1,0
BRDA:129,7,0,1
BRDA:129,7,1,0
BRDA:132,8,0,1
BRDA:132,8,1,0
BRDA:135,9,0,0
BRDA:135,9,1,1
BRDA:136,10,0,0
BRDA:136,10,1,1
BRDA:137,11,0,0
BRDA:137,11,1,1
BRDA:155,12,0,0
BRF:22
BRH:10
end_of_record
TN:
SF:src\app\components\dialog\user\dialog-user\dialog-user.component.ts
FN:17,(anonymous_0)
FN:37,(anonymous_1)
FN:64,(anonymous_2)
FN:69,(anonymous_3)
FN:80,(anonymous_4)
FN:98,(anonymous_5)
FN:125,(anonymous_6)
FN:133,(anonymous_7)
FN:135,(anonymous_8)
FN:139,(anonymous_9)
FN:147,(anonymous_10)
FNF:11
FNH:7
FNDA:7,(anonymous_0)
FNDA:4,(anonymous_1)
FNDA:0,(anonymous_2)
FNDA:4,(anonymous_3)
FNDA:1,(anonymous_4)
FNDA:1,(anonymous_5)
FNDA:1,(anonymous_6)
FNDA:0,(anonymous_7)
FNDA:0,(anonymous_8)
FNDA:0,(anonymous_9)
FNDA:78,(anonymous_10)
DA:15,1
DA:18,7
DA:19,7
DA:20,7
DA:21,7
DA:22,7
DA:31,7
DA:40,4
DA:42,0
DA:53,4
DA:66,0
DA:71,4
DA:73,4
DA:75,4
DA:78,4
DA:80,4
DA:82,1
DA:83,1
DA:85,1
DA:100,1
DA:104,1
DA:106,1
DA:108,1
DA:110,1
DA:113,1
DA:124,1
DA:125,1
DA:127,1
DA:129,0
DA:130,0
DA:133,1
DA:134,0
DA:135,0
DA:136,0
DA:138,0
DA:139,0
DA:140,0
DA:141,0
DA:149,78
LF:39
LH:28
BRDA:40,0,0,0
BRDA:40,0,1,4
BRDA:75,1,0,0
BRDA:75,1,1,4
BRDA:100,2,0,0
BRDA:106,3,0,0
BRDA:108,4,0,1
BRDA:127,5,0,0
BRF:8
BRH:3
end_of_record
TN:
SF:src\app\components\forgot-password\forgot-password\forgot-password.component.ts
FN:14,(anonymous_0)
FN:22,(anonymous_1)
FN:28,(anonymous_2)
FN:33,(anonymous_3)
FN:38,(anonymous_4)
FNF:5
FNH:5
FNDA:6,(anonymous_0)
FNDA:1,(anonymous_1)
FNDA:1,(anonymous_2)
FNDA:1,(anonymous_3)
FNDA:16,(anonymous_4)
DA:12,1
DA:15,6
DA:16,6
DA:19,6
DA:20,6
DA:25,1
DA:28,1
DA:29,1
DA:35,1
DA:40,16
DA:41,4
DA:42,3
LF:12
LH:12
BRDA:40,0,0,12
BRDA:40,0,1,4
BRDA:41,1,0,1
BRDA:42,2,0,1
BRDA:42,2,1,2
BRF:5
BRH:5
end_of_record
TN:
SF:src\app\components\ingredientsPage\ingredients-page\ingredients-page.component.ts
FN:42,(anonymous_0)
FN:50,(anonymous_1)
FN:58,(anonymous_2)
FN:63,(anonymous_3)
FN:69,(anonymous_4)
FN:74,(anonymous_5)
FN:81,(anonymous_6)
FN:87,(anonymous_7)
FN:95,(anonymous_8)
FN:103,(anonymous_9)
FN:109,(anonymous_10)
FN:111,(anonymous_11)
FN:118,(anonymous_12)
FN:122,(anonymous_13)
FN:130,(anonymous_14)
FN:132,(anonymous_15)
FNF:16
FNH:14
FNDA:10,(anonymous_0)
FNDA:10,(anonymous_1)
FNDA:1,(anonymous_2)
FNDA:1,(anonymous_3)
FNDA:1,(anonymous_4)
FNDA:1,(anonymous_5)
FNDA:0,(anonymous_6)
FNDA:2,(anonymous_7)
FNDA:2,(anonymous_8)
FNDA:0,(anonymous_9)
FNDA:11,(anonymous_10)
FNDA:1,(anonymous_11)
FNDA:2,(anonymous_12)
FNDA:1,(anonymous_13)
FNDA:1,(anonymous_14)
FNDA:1,(anonymous_15)
DA:27,1
DA:32,10
DA:33,10
DA:34,10
DA:37,10
DA:38,10
DA:39,10
DA:40,10
DA:43,10
DA:44,10
DA:45,10
DA:46,10
DA:47,10
DA:52,10
DA:54,10
DA:55,10
DA:60,1
DA:65,1
DA:66,1
DA:71,1
DA:73,1
DA:74,1
DA:75,1
DA:77,0
DA:78,0
DA:81,1
DA:82,0
DA:89,2
DA:97,2
DA:105,0
DA:106,0
DA:111,11
DA:112,1
DA:114,1
DA:120,2
DA:122,2
DA:123,1
DA:124,1
DA:125,1
DA:126,1
DA:132,1
LF:41
LH:36
BRDA:54,0,0,0
BRDA:54,0,1,10
BRDA:54,1,0,10
BRDA:54,1,1,0
BRDA:75,2,0,0
BRDA:118,3,0,2
BRDA:118,4,0,2
BRDA:132,5,0,1
BRF:8
BRH:5
end_of_record
TN:
SF:src\app\components\not-authorized\not-authorized\not-authorized.component.ts
FN:11,(anonymous_0)
FN:15,(anonymous_1)
FNF:2
FNH:2
FNDA:2,(anonymous_0)
FNDA:1,(anonymous_1)
DA:9,1
DA:12,2
DA:17,1
LF:3
LH:3
BRF:0
BRH:0
end_of_record
TN:
SF:src\app\components\recipesPage\recipes-page\recipes-page.component.ts
FN:42,(anonymous_0)
FN:51,(anonymous_1)
FN:59,(anonymous_2)
FN:64,(anonymous_3)
FN:70,(anonymous_4)
FN:75,(anonymous_5)
FN:82,(anonymous_6)
FN:88,(anonymous_7)
FN:96,(anonymous_8)
FN:104,(anonymous_9)
FN:110,(anonymous_10)
FN:112,(anonymous_11)
FN:119,(anonymous_12)
FN:123,(anonymous_13)
FN:131,(anonymous_14)
FN:133,(anonymous_15)
FNF:16
FNH:14
FNDA:10,(anonymous_0)
FNDA:10,(anonymous_1)
FNDA:1,(anonymous_2)
FNDA:1,(anonymous_3)
FNDA:1,(anonymous_4)
FNDA:1,(anonymous_5)
FNDA:0,(anonymous_6)
FNDA:2,(anonymous_7)
FNDA:2,(anonymous_8)
FNDA:0,(anonymous_9)
FNDA:11,(anonymous_10)
FNDA:1,(anonymous_11)
FNDA:2,(anonymous_12)
FNDA:1,(anonymous_13)
FNDA:1,(anonymous_14)
FNDA:1,(anonymous_15)
DA:27,1
DA:32,10
DA:33,10
DA:34,10
DA:37,10
DA:38,10
DA:39,10
DA:40,10
DA:43,10
DA:44,10
DA:45,10
DA:46,10
DA:47,10
DA:53,10
DA:55,10
DA:56,10
DA:61,1
DA:66,1
DA:67,1
DA:72,1
DA:74,1
DA:75,1
DA:76,1
DA:78,0
DA:79,0
DA:82,1
DA:83,0
DA:90,2
DA:98,2
DA:106,0
DA:107,0
DA:112,11
DA:113,1
DA:115,1
DA:121,2
DA:123,2
DA:124,1
DA:125,1
DA:126,1
DA:127,1
DA:133,1
LF:41
LH:36
BRDA:55,0,0,0
BRDA:55,0,1,10
BRDA:55,1,0,10
BRDA:55,1,1,0
BRDA:76,2,0,0
BRDA:119,3,0,2
BRDA:119,4,0,2
BRDA:133,5,0,1
BRF:8
BRH:5
end_of_record
TN:
SF:src\app\components\register\register\register.component.ts
FN:15,(anonymous_0)
FN:32,(anonymous_1)
FN:37,(anonymous_2)
FN:57,(anonymous_3)
FN:66,(anonymous_4)
FN:68,(anonymous_5)
FN:78,(anonymous_6)
FNF:7
FNH:6
FNDA:4,(anonymous_0)
FNDA:1,(anonymous_1)
FNDA:2,(anonymous_2)
FNDA:1,(anonymous_3)
FNDA:1,(anonymous_4)
FNDA:0,(anonymous_5)
FNDA:88,(anonymous_6)
DA:13,1
DA:16,4
DA:17,4
DA:18,4
DA:21,4
DA:23,4
DA:34,1
DA:39,2
DA:41,1
DA:44,1
DA:46,1
DA:57,1
DA:59,1
DA:60,1
DA:62,1
DA:66,1
DA:68,1
DA:70,1
DA:72,1
DA:80,88
LF:20
LH:20
BRDA:39,0,0,1
BRDA:44,1,0,0
BRDA:44,1,1,1
BRF:3
BRH:2
end_of_record
TN:
SF:src\app\components\root\root.component.ts
FN:15,(anonymous_0)
FN:27,(anonymous_1)
FN:39,(anonymous_2)
FN:53,(anonymous_3)
FN:60,(anonymous_4)
FN:65,(anonymous_5)
FN:70,(anonymous_6)
FNF:7
FNH:7
FNDA:6,(anonymous_0)
FNDA:3,(anonymous_1)
FNDA:2,(anonymous_2)
FNDA:1,(anonymous_3)
FNDA:1,(anonymous_4)
FNDA:1,(anonymous_5)
FNDA:60,(anonymous_6)
DA:13,1
DA:16,6
DA:17,6
DA:20,6
DA:22,6
DA:29,3
DA:31,2
DA:34,2
DA:39,2
DA:41,2
DA:43,1
DA:44,1
DA:47,1
DA:49,1
DA:50,1
DA:51,1
DA:53,1
DA:54,1
DA:55,1
DA:62,1
DA:67,1
DA:72,60
LF:22
LH:22
BRDA:29,0,0,1
BRDA:41,1,0,1
BRF:2
BRH:2
end_of_record
TN:
SF:src\app\components\usersPage\users-page\users-page.component.ts
FN:41,(anonymous_0)
FN:49,(anonymous_1)
FN:57,(anonymous_2)
FN:62,(anonymous_3)
FN:68,(anonymous_4)
FN:73,(anonymous_5)
FN:80,(anonymous_6)
FN:86,(anonymous_7)
FN:94,(anonymous_8)
FN:102,(anonymous_9)
FN:108,(anonymous_10)
FN:110,(anonymous_11)
FN:117,(anonymous_12)
FN:121,(anonymous_13)
FN:129,(anonymous_14)
FN:131,(anonymous_15)
FNF:16
FNH:14
FNDA:10,(anonymous_0)
FNDA:10,(anonymous_1)
FNDA:1,(anonymous_2)
FNDA:1,(anonymous_3)
FNDA:1,(anonymous_4)
FNDA:1,(anonymous_5)
FNDA:0,(anonymous_6)
FNDA:2,(anonymous_7)
FNDA:2,(anonymous_8)
FNDA:0,(anonymous_9)
FNDA:1,(anonymous_10)
FNDA:1,(anonymous_11)
FNDA:2,(anonymous_12)
FNDA:1,(anonymous_13)
FNDA:1,(anonymous_14)
FNDA:1,(anonymous_15)
DA:26,1
DA:31,10
DA:32,10
DA:33,10
DA:36,10
DA:37,10
DA:38,10
DA:39,10
DA:42,10
DA:43,10
DA:44,10
DA:45,10
DA:46,10
DA:51,10
DA:53,10
DA:54,0
DA:59,1
DA:64,1
DA:65,1
DA:70,1
DA:72,1
DA:73,1
DA:74,1
DA:76,0
DA:77,0
DA:80,1
DA:81,0
DA:88,2
DA:96,2
DA:104,0
DA:105,0
DA:110,1
DA:111,1
DA:113,1
DA:119,2
DA:121,2
DA:122,1
DA:123,1
DA:124,1
DA:125,1
DA:131,1
LF:41
LH:35
BRDA:53,0,0,10
BRDA:53,0,1,0
BRDA:53,1,0,10
BRDA:53,1,1,10
BRDA:74,2,0,0
BRDA:117,3,0,2
BRDA:117,4,0,2
BRDA:131,5,0,1
BRF:8
BRH:6
end_of_record
TN:
SF:src\app\mocks\authMock.ts
FNF:0
FNH:0
DA:4,1
DA:24,1
DA:36,1
DA:55,1
LF:4
LH:4
BRF:0
BRH:0
end_of_record
TN:
SF:src\app\mocks\itemMock.ts
FNF:0
FNH:0
DA:5,1
DA:23,1
DA:43,1
DA:59,1
LF:4
LH:4
BRF:0
BRH:0
end_of_record
TN:
SF:src\app\mocks\userMock.ts
FNF:0
FNH:0
DA:4,1
DA:19,1
LF:2
LH:2
BRF:0
BRH:0
end_of_record
TN:
SF:src\app\services\ingredients\ingredients.service.ts
FN:13,(anonymous_0)
FN:20,(anonymous_1)
FN:25,(anonymous_2)
FN:33,(anonymous_3)
FN:38,(anonymous_4)
FN:46,(anonymous_5)
FN:51,(anonymous_6)
FN:59,(anonymous_7)
FN:64,(anonymous_8)
FN:70,(anonymous_9)
FN:75,(anonymous_10)
FN:81,(anonymous_11)
FN:86,(anonymous_12)
FN:92,(anonymous_13)
FN:101,(anonymous_14)
FNF:15
FNH:13
FNDA:26,(anonymous_0)
FNDA:17,(anonymous_1)
FNDA:1,(anonymous_2)
FNDA:2,(anonymous_3)
FNDA:1,(anonymous_4)
FNDA:5,(anonymous_5)
FNDA:1,(anonymous_6)
FNDA:2,(anonymous_7)
FNDA:1,(anonymous_8)
FNDA:1,(anonymous_9)
FNDA:1,(anonymous_10)
FNDA:2,(anonymous_11)
FNDA:1,(anonymous_12)
FNDA:0,(anonymous_13)
FNDA:0,(anonymous_14)
DA:11,1
DA:14,26
DA:17,26
DA:18,26
DA:22,17
DA:23,17
DA:26,1
DA:35,2
DA:36,2
DA:39,1
DA:48,5
DA:49,5
DA:52,1
DA:61,2
DA:62,2
DA:64,1
DA:72,1
DA:73,1
DA:75,1
DA:83,2
DA:84,2
DA:86,1
DA:94,0
DA:96,0
DA:97,0
DA:99,0
DA:101,0
DA:102,0
LF:28
LH:22
BRDA:96,0,0,0
BRDA:96,0,1,0
BRF:2
BRH:0
end_of_record
TN:
SF:src\app\services\recipes\recipes.service.ts
FN:13,(anonymous_0)
FN:20,(anonymous_1)
FN:25,(anonymous_2)
FN:33,(anonymous_3)
FN:38,(anonymous_4)
FN:46,(anonymous_5)
FN:51,(anonymous_6)
FN:59,(anonymous_7)
FN:64,(anonymous_8)
FN:70,(anonymous_9)
FN:75,(anonymous_10)
FN:81,(anonymous_11)
FN:86,(anonymous_12)
FN:92,(anonymous_13)
FN:101,(anonymous_14)
FNF:15
FNH:13
FNDA:26,(anonymous_0)
FNDA:17,(anonymous_1)
FNDA:1,(anonymous_2)
FNDA:2,(anonymous_3)
FNDA:1,(anonymous_4)
FNDA:5,(anonymous_5)
FNDA:1,(anonymous_6)
FNDA:2,(anonymous_7)
FNDA:1,(anonymous_8)
FNDA:1,(anonymous_9)
FNDA:1,(anonymous_10)
FNDA:2,(anonymous_11)
FNDA:1,(anonymous_12)
FNDA:0,(anonymous_13)
FNDA:0,(anonymous_14)
DA:11,1
DA:14,26
DA:17,26
DA:18,26
DA:22,17
DA:23,17
DA:26,1
DA:35,2
DA:36,2
DA:39,1
DA:48,5
DA:49,5
DA:52,1
DA:61,2
DA:62,2
DA:64,1
DA:72,1
DA:73,1
DA:75,1
DA:83,2
DA:84,2
DA:86,1
DA:94,0
DA:96,0
DA:97,0
DA:99,0
DA:101,0
DA:102,0
LF:28
LH:22
BRDA:96,0,0,0
BRDA:96,0,1,0
BRF:2
BRH:0
end_of_record
TN:
SF:src\app\services\root-service\root.service.ts
FN:16,(anonymous_0)
FN:25,(anonymous_1)
FN:31,(anonymous_2)
FN:40,(anonymous_3)
FN:46,(anonymous_4)
FN:55,(anonymous_5)
FN:60,(anonymous_6)
FN:68,(anonymous_7)
FN:73,(anonymous_8)
FN:78,(anonymous_9)
FN:83,(anonymous_10)
FN:89,(anonymous_11)
FN:98,(anonymous_12)
FNF:13
FNH:11
FNDA:37,(anonymous_0)
FNDA:1,(anonymous_1)
FNDA:1,(anonymous_2)
FNDA:1,(anonymous_3)
FNDA:1,(anonymous_4)
FNDA:1,(anonymous_5)
FNDA:1,(anonymous_6)
FNDA:1,(anonymous_7)
FNDA:1,(anonymous_8)
FNDA:1,(anonymous_9)
FNDA:2,(anonymous_10)
FNDA:0,(anonymous_11)
FNDA:0,(anonymous_12)
DA:14,1
DA:17,37
DA:18,37
DA:19,37
DA:22,37
DA:23,37
DA:27,1
DA:28,1
DA:29,1
DA:32,1
DA:42,1
DA:43,1
DA:44,1
DA:47,1
DA:57,1
DA:58,1
DA:61,1
DA:70,1
DA:71,1
DA:73,1
DA:74,1
DA:75,1
DA:80,1
DA:85,2
DA:86,2
DA:91,0
DA:93,0
DA:94,0
DA:96,0
DA:98,0
DA:99,0
LF:31
LH:25
BRDA:86,0,0,1
BRDA:86,0,1,1
BRDA:93,1,0,0
BRDA:93,1,1,0
BRF:4
BRH:2
end_of_record
TN:
SF:src\app\services\route-guard\route.guard.ts
FN:11,(anonymous_0)
FN:16,(anonymous_1)
FNF:2
FNH:1
FNDA:1,(anonymous_0)
FNDA:0,(anonymous_1)
DA:9,1
DA:12,1
DA:13,1
DA:20,0
DA:21,0
LF:5
LH:3
BRDA:20,0,0,0
BRDA:20,0,1,0
BRF:2
BRH:0
end_of_record
TN:
SF:src\app\services\storage\storage.service.ts
FN:8,(anonymous_0)
FN:13,(anonymous_1)
FN:18,(anonymous_2)
FNF:3
FNH:3
FNDA:1,(anonymous_0)
FNDA:1,(anonymous_1)
FNDA:1,(anonymous_2)
DA:6,1
DA:10,1
DA:15,1
DA:20,1
LF:4
LH:4
BRF:0
BRH:0
end_of_record
TN:
SF:src\app\services\users\users.service.ts
FN:12,(anonymous_0)
FN:19,(anonymous_1)
FN:24,(anonymous_2)
FN:32,(anonymous_3)
FN:37,(anonymous_4)
FN:45,(anonymous_5)
FN:50,(anonymous_6)
FN:58,(anonymous_7)
FN:63,(anonymous_8)
FN:69,(anonymous_9)
FN:74,(anonymous_10)
FN:80,(anonymous_11)
FN:85,(anonymous_12)
FN:91,(anonymous_13)
FN:100,(anonymous_14)
FNF:15
FNH:15
FNDA:25,(anonymous_0)
FNDA:7,(anonymous_1)
FNDA:1,(anonymous_2)
FNDA:2,(anonymous_3)
FNDA:1,(anonymous_4)
FNDA:4,(anonymous_5)
FNDA:1,(anonymous_6)
FNDA:2,(anonymous_7)
FNDA:1,(anonymous_8)
FNDA:1,(anonymous_9)
FNDA:1,(anonymous_10)
FNDA:2,(anonymous_11)
FNDA:1,(anonymous_12)
FNDA:1,(anonymous_13)
FNDA:1,(anonymous_14)
DA:10,1
DA:13,25
DA:16,25
DA:17,25
DA:21,7
DA:22,7
DA:25,1
DA:34,2
DA:35,2
DA:38,1
DA:47,4
DA:48,4
DA:51,1
DA:60,2
DA:61,2
DA:63,1
DA:71,1
DA:72,1
DA:74,1
DA:82,2
DA:83,2
DA:85,1
DA:93,1
DA:95,1
DA:96,1
DA:98,1
DA:100,1
DA:101,1
LF:28
LH:28
BRDA:95,0,0,0
BRDA:95,0,1,1
BRF:2
BRH:1
end_of_record
TN:
SF:src\environments\environment.ts
FNF:0
FNH:0
DA:5,1
LF:1
LH:1
BRF:0
BRH:0
end_of_record
